c:\users\stevend\source\repos\dijkstras-algorithm-new\dijkstras-algorithm\dijkstras-algorithm\debug\vc142.pdb
c:\users\stevend\source\repos\dijkstras-algorithm-new\dijkstras-algorithm\dijkstras-algorithm\debug\vc142.idb
c:\users\stevend\source\repos\dijkstras-algorithm-new\dijkstras-algorithm\dijkstras-algorithm\debug\priorityqueue.obj
c:\users\stevend\source\repos\dijkstras-algorithm-new\dijkstras-algorithm\dijkstras-algorithm\debug\main.obj
c:\users\stevend\source\repos\dijkstras-algorithm-new\dijkstras-algorithm\dijkstras-algorithm\debug\dijkstrasalgorithm.obj
c:\github\c-plus-plus\sample-apps\dijkstras-algorithm\dijkstras-algorithm\debug\vc142.pdb
c:\github\c-plus-plus\sample-apps\dijkstras-algorithm\dijkstras-algorithm\debug\vc142.idb
c:\github\c-plus-plus\sample-apps\dijkstras-algorithm\dijkstras-algorithm\debug\priorityqueue.obj
c:\github\c-plus-plus\sample-apps\dijkstras-algorithm\dijkstras-algorithm\debug\main.obj
c:\github\c-plus-plus\sample-apps\dijkstras-algorithm\dijkstras-algorithm\debug\dijkstrasalgorithm.obj
c:\users\stevend\source\repos\dijkstras-algorithm-new\dijkstras-algorithm\debug\dijkstras-algorithm.exe
c:\users\stevend\source\repos\dijkstras-algorithm-new\dijkstras-algorithm\dijkstras-algorithm\debug\dijkstras-algorithm.ilk
c:\users\stevend\source\repos\dijkstras-algorithm-new\dijkstras-algorithm\debug\dijkstras-algorithm.pdb
c:\github\c-plus-plus\sample-apps\dijkstras-algorithm\debug\dijkstras-algorithm.exe
c:\github\c-plus-plus\sample-apps\dijkstras-algorithm\dijkstras-algorithm\debug\dijkstras-algorithm.ilk
c:\github\c-plus-plus\sample-apps\dijkstras-algorithm\debug\dijkstras-algorithm.pdb
c:\github\c-plus-plus\sample-apps\dijkstras-algorithm\dijkstras-algorithm\debug\dijkstra.2e530fa3.tlog\cl.command.1.tlog
c:\github\c-plus-plus\sample-apps\dijkstras-algorithm\dijkstras-algorithm\debug\dijkstra.2e530fa3.tlog\cl.read.1.tlog
c:\github\c-plus-plus\sample-apps\dijkstras-algorithm\dijkstras-algorithm\debug\dijkstra.2e530fa3.tlog\cl.write.1.tlog
c:\github\c-plus-plus\sample-apps\dijkstras-algorithm\dijkstras-algorithm\debug\dijkstra.2e530fa3.tlog\link.command.1.tlog
c:\github\c-plus-plus\sample-apps\dijkstras-algorithm\dijkstras-algorithm\debug\dijkstra.2e530fa3.tlog\link.read.1.tlog
c:\github\c-plus-plus\sample-apps\dijkstras-algorithm\dijkstras-algorithm\debug\dijkstra.2e530fa3.tlog\link.write.1.tlog
